<?xml version="1.0" encoding="UTF-8"?>
<testsuite xmlns:xsi="http://www.w3.org/2001/XMLSchema-instance" xsi:noNamespaceSchemaLocation="https://maven.apache.org/surefire/maven-surefire-plugin/xsd/surefire-test-report.xsd" name="outerhaven.AppTest" time="0.053" tests="1" errors="0" skipped="0" failures="0">
  <properties>
    <property name="sun.desktop" value="windows"/>
    <property name="awt.toolkit" value="sun.awt.windows.WToolkit"/>
    <property name="java.specification.version" value="12"/>
    <property name="sun.cpu.isalist" value="amd64"/>
    <property name="sun.jnu.encoding" value="Cp1252"/>
    <property name="java.class.path" value="C:\Users\iliou\IdeaProjects\Ragnarok\target\test-classes;C:\Users\iliou\IdeaProjects\Ragnarok\target\classes;C:\Users\iliou\.m2\repository\junit\junit\4.12\junit-4.12.jar;C:\Users\iliou\.m2\repository\org\hamcrest\hamcrest-core\1.3\hamcrest-core-1.3.jar;C:\Users\iliou\.m2\repository\org\openjfx\javafx-controls\14\javafx-controls-14.jar;C:\Users\iliou\.m2\repository\org\openjfx\javafx-controls\14\javafx-controls-14-win.jar;C:\Users\iliou\.m2\repository\org\openjfx\javafx-graphics\14\javafx-graphics-14.jar;C:\Users\iliou\.m2\repository\org\openjfx\javafx-graphics\14\javafx-graphics-14-win.jar;C:\Users\iliou\.m2\repository\org\openjfx\javafx-base\14\javafx-base-14.jar;C:\Users\iliou\.m2\repository\org\openjfx\javafx-base\14\javafx-base-14-win.jar;"/>
    <property name="java.vm.vendor" value="Oracle Corporation"/>
    <property name="sun.arch.data.model" value="64"/>
    <property name="user.variant" value=""/>
    <property name="java.vendor.url" value="https://java.oracle.com/"/>
    <property name="user.timezone" value="Europe/Paris"/>
    <property name="os.name" value="Windows 10"/>
    <property name="java.vm.specification.version" value="12"/>
    <property name="sun.java.launcher" value="SUN_STANDARD"/>
    <property name="user.country" value="FR"/>
    <property name="sun.boot.library.path" value="C:\Users\iliou\.jdks\jdk-12\bin"/>
    <property name="sun.java.command" value="C:\Users\iliou\AppData\Local\Temp\surefire6650886791052176328\surefirebooter4067661589067971863.jar C:\Users\iliou\AppData\Local\Temp\surefire6650886791052176328 2020-11-04T17-56-14_503-jvmRun1 surefire15551045089401383035tmp surefire_018266167683830278834tmp"/>
    <property name="jdk.debug" value="release"/>
    <property name="surefire.test.class.path" value="C:\Users\iliou\IdeaProjects\Ragnarok\target\test-classes;C:\Users\iliou\IdeaProjects\Ragnarok\target\classes;C:\Users\iliou\.m2\repository\junit\junit\4.12\junit-4.12.jar;C:\Users\iliou\.m2\repository\org\hamcrest\hamcrest-core\1.3\hamcrest-core-1.3.jar;C:\Users\iliou\.m2\repository\org\openjfx\javafx-controls\14\javafx-controls-14.jar;C:\Users\iliou\.m2\repository\org\openjfx\javafx-controls\14\javafx-controls-14-win.jar;C:\Users\iliou\.m2\repository\org\openjfx\javafx-graphics\14\javafx-graphics-14.jar;C:\Users\iliou\.m2\repository\org\openjfx\javafx-graphics\14\javafx-graphics-14-win.jar;C:\Users\iliou\.m2\repository\org\openjfx\javafx-base\14\javafx-base-14.jar;C:\Users\iliou\.m2\repository\org\openjfx\javafx-base\14\javafx-base-14-win.jar;"/>
    <property name="sun.cpu.endian" value="little"/>
    <property name="user.home" value="C:\Users\iliou"/>
    <property name="user.language" value="fr"/>
    <property name="java.specification.vendor" value="Oracle Corporation"/>
    <property name="java.version.date" value="2019-03-19"/>
    <property name="java.home" value="C:\Users\iliou\.jdks\jdk-12"/>
    <property name="file.separator" value="\"/>
    <property name="basedir" value="C:\Users\iliou\IdeaProjects\Ragnarok"/>
    <property name="java.vm.compressedOopsMode" value="Zero based"/>
    <property name="line.separator" value="&#10;"/>
    <property name="java.vm.specification.vendor" value="Oracle Corporation"/>
    <property name="java.specification.name" value="Java Platform API Specification"/>
    <property name="java.awt.graphicsenv" value="sun.awt.Win32GraphicsEnvironment"/>
    <property name="surefire.real.class.path" value="C:\Users\iliou\AppData\Local\Temp\surefire6650886791052176328\surefirebooter4067661589067971863.jar"/>
    <property name="user.script" value=""/>
    <property name="sun.management.compiler" value="HotSpot 64-Bit Tiered Compilers"/>
    <property name="java.runtime.version" value="12+33"/>
    <property name="user.name" value="iliou"/>
    <property name="path.separator" value=";"/>
    <property name="os.version" value="10.0"/>
    <property name="java.runtime.name" value="OpenJDK Runtime Environment"/>
    <property name="file.encoding" value="Cp1252"/>
    <property name="java.vm.name" value="OpenJDK 64-Bit Server VM"/>
    <property name="localRepository" value="C:\Users\iliou\.m2\repository"/>
    <property name="java.vendor.url.bug" value="https://bugreport.java.com/bugreport/"/>
    <property name="java.io.tmpdir" value="C:\Users\iliou\AppData\Local\Temp\"/>
    <property name="idea.version" value="2020.2.3"/>
    <property name="java.version" value="12"/>
    <property name="user.dir" value="C:\Users\iliou\IdeaProjects\Ragnarok"/>
    <property name="os.arch" value="amd64"/>
    <property name="java.vm.specification.name" value="Java Virtual Machine Specification"/>
    <property name="sun.os.patch.level" value=""/>
    <property name="java.library.path" value="C:\Users\iliou\.jdks\jdk-12\bin;C:\Windows\Sun\Java\bin;C:\Windows\system32;C:\Windows;C:\Windows\System32;C:\Windows;C:\Windows\System32\Wbem;C:\Windows\System32\WindowsPowerShell\v1.0\;C:\Windows\System32\OpenSSH\;C:\Windows\System32;C:\Windows;C:\Windows\System32\Wbem;C:\Windows\System32\WindowsPowerShell\v1.0\;C:\Windows\System32\OpenSSH\;C:\Program Files\Git\cmd;C:\Program Files (x86)\Java\jre1.8.0_261\bin;C:\Program Files (x86)\Common Files\Oracle\Java\javapath;C:\Users\iliou\AppData\Local\Microsoft\WindowsApps;;."/>
    <property name="java.vm.info" value="mixed mode, sharing"/>
    <property name="java.vendor" value="Oracle Corporation"/>
    <property name="java.vm.version" value="12+33"/>
    <property name="sun.io.unicode.encoding" value="UnicodeLittle"/>
    <property name="java.class.version" value="56.0"/>
  </properties>
  <testcase name="shouldAnswerWithTrue" classname="outerhaven.AppTest" time="0.001"/>
</testsuite>